"Start of log file."
"C:/Users/Keith/DOCUME~1/MEGAsync/FYP/GE2ASS~1/Assets/models/eagle1.max"
"Starting max loading and fbx conversion"
window = undefined
"Settings units"
"Before fbx export"
"After fbx export"
"Finished max loading and fbx conversion"
"C:/Users/Keith/DOCUME~1/MEGAsync/FYP/GE2ASS~1/Assets/models/SPACE1~1.MAX"
"Starting max loading and fbx conversion"
window = undefined
"Settings units"
"Before fbx export"
"After fbx export"
"Finished max loading and fbx conversion"
"C:/Users/Keith/DOCUME~1/MEGAsync/FYP/GE2ASS~1/Assets/models/eagle1.max"
"Starting max loading and fbx conversion"
window = undefined
"Settings units"
"Before fbx export"
"After fbx export"
"Finished max loading and fbx conversion"
"C:/Users/Keith/DOCUME~1/MEGAsync/FYP/GE2ASS~1/Assets/models/eagle1.max"
"Starting max loading and fbx conversion"
window = undefined
"Settings units"
"Before fbx export"
"After fbx export"
"Finished max loading and fbx conversion"
